<?xml version="1.0"?><coverage lines-covered="319" lines-valid="335" line-rate="0.9522388059701492" branches-covered="0" branches-valid="0" branch-rate="0" complexity="0" version="1.9" timestamp="1765299799"><sources><source>/home/gregoire/Documents/Cours/3A/M2/ssp-rs/projet/grain-128</source></sources><packages><package name="tests" line-rate="0" branch-rate="0" complexity="0"><classes></classes></package><package name="benches" line-rate="0" branch-rate="0" complexity="0"><classes></classes></package><package name="src" line-rate="0.9522388059701492" branch-rate="0" complexity="0"><classes><class name="fsr" filename="src/fsr.rs" line-rate="1" branch-rate="0" complexity="0"><methods/><lines><line number="21" hits="11"/><line number="33" hits="11"/><line number="34" hits="12"/><line number="38" hits="11"/><line number="39" hits="12"/><line number="49" hits="12"/><line number="50" hits="67"/><line number="51" hits="12"/><line number="52" hits="12"/><line number="53" hits="10"/><line number="54" hits="10"/><line number="55" hits="10"/><line number="63" hits="13"/><line number="64" hits="10"/><line number="68" hits="11"/><line number="69" hits="12"/><line number="79" hits="11"/><line number="80" hits="69"/><line number="81" hits="11"/><line number="82" hits="11"/><line number="83" hits="11"/><line number="84" hits="12"/><line number="85" hits="12"/><line number="106" hits="11"/><line number="113" hits="12"/><line number="114" hits="11"/><line number="118" hits="12"/><line number="119" hits="11"/><line number="126" hits="10"/><line number="127" hits="12"/><line number="131" hits="11"/><line number="132" hits="11"/><line number="137" hits="11"/><line number="138" hits="159"/><line number="139" hits="11"/><line number="140" hits="11"/><line number="141" hits="11"/><line number="142" hits="11"/><line number="143" hits="12"/><line number="144" hits="11"/><line number="145" hits="12"/><line number="146" hits="11"/><line number="147" hits="12"/><line number="148" hits="12"/><line number="149" hits="12"/><line number="151" hits="24"/><line number="152" hits="11"/><line number="153" hits="11"/><line number="156" hits="22"/><line number="157" hits="12"/><line number="158" hits="12"/><line number="161" hits="36"/><line number="162" hits="11"/><line number="163" hits="11"/><line number="164" hits="10"/><line number="167" hits="11"/><line number="175" hits="10"/><line number="176" hits="12"/><line number="180" hits="11"/><line number="181" hits="12"/><line number="186" hits="12"/><line number="187" hits="176"/><line number="188" hits="10"/><line number="189" hits="11"/><line number="190" hits="11"/><line number="191" hits="11"/><line number="192" hits="11"/><line number="193" hits="11"/><line number="194" hits="11"/><line number="195" hits="11"/><line number="196" hits="11"/><line number="197" hits="11"/><line number="198" hits="11"/><line number="200" hits="21"/><line number="201" hits="12"/><line number="202" hits="11"/><line number="205" hits="23"/><line number="206" hits="10"/><line number="207" hits="12"/><line number="210" hits="36"/><line number="211" hits="11"/><line number="212" hits="11"/><line number="213" hits="11"/><line number="216" hits="11"/><line number="242" hits="12"/><line number="243" hits="11"/><line number="244" hits="12"/><line number="245" hits="11"/></lines></class><class name="grain_core" filename="src/grain_core.rs" line-rate="0.9454545454545454" branch-rate="0" complexity="0"><methods/><lines><line number="39" hits="15"/><line number="41" hits="14"/><line number="42" hits="1"/><line number="47" hits="14"/><line number="48" hits="24"/><line number="49" hits="23"/><line number="50" hits="11"/><line number="55" hits="34"/><line number="56" hits="24"/><line number="57" hits="11"/><line number="58" hits="12"/><line number="63" hits="35"/><line number="64" hits="23"/><line number="65" hits="12"/><line number="66" hits="11"/><line number="70" hits="11"/><line number="71" hits="12"/><line number="72" hits="10"/><line number="75" hits="11"/><line number="76" hits="11"/><line number="77" hits="11"/><line number="79" hits="11"/><line number="91" hits="11"/><line number="94" hits="12"/><line number="95" hits="11"/><line number="96" hits="12"/><line number="97" hits="11"/><line number="98" hits="12"/><line number="99" hits="11"/><line number="100" hits="12"/><line number="101" hits="11"/><line number="102" hits="12"/><line number="105" hits="98"/><line number="106" hits="12"/><line number="107" hits="12"/><line number="108" hits="12"/><line number="109" hits="11"/><line number="110" hits="11"/><line number="111" hits="11"/><line number="112" hits="11"/><line number="113" hits="11"/><line number="116" hits="11"/><line number="117" hits="11"/><line number="118" hits="10"/><line number="126" hits="11"/><line number="129" hits="12"/><line number="130" hits="11"/><line number="131" hits="12"/><line number="132" hits="11"/><line number="133" hits="12"/><line number="134" hits="11"/><line number="135" hits="10"/><line number="136" hits="10"/><line number="137" hits="10"/><line number="140" hits="97"/><line number="141" hits="10"/><line number="142" hits="10"/><line number="143" hits="10"/><line number="144" hits="10"/><line number="145" hits="10"/><line number="146" hits="10"/><line number="147" hits="12"/><line number="148" hits="14"/><line number="151" hits="10"/><line number="152" hits="10"/><line number="153" hits="11"/><line number="161" hits="0"/><line number="162" hits="11"/><line number="175" hits="0"/><line number="176" hits="20"/><line number="177" hits="20"/><line number="184" hits="0"/><line number="185" hits="17"/><line number="186" hits="16"/><line number="197" hits="9"/><line number="199" hits="17"/><line number="200" hits="14"/><line number="201" hits="6"/><line number="204" hits="8"/><line number="211" hits="11"/><line number="214" hits="11"/><line number="215" hits="14"/><line number="217" hits="4"/><line number="223" hits="17"/><line number="225" hits="10"/><line number="226" hits="0"/><line number="227" hits="0"/><line number="230" hits="11"/><line number="231" hits="10"/><line number="232" hits="12"/><line number="237" hits="19"/><line number="239" hits="12"/><line number="240" hits="5"/><line number="241" hits="5"/><line number="244" hits="8"/><line number="245" hits="0"/><line number="246" hits="0"/><line number="258" hits="7"/><line number="259" hits="7"/><line number="262" hits="7"/><line number="265" hits="8"/><line number="271" hits="8"/><line number="272" hits="8"/><line number="274" hits="8"/><line number="275" hits="9"/><line number="276" hits="17"/><line number="280" hits="8"/><line number="288" hits="4"/><line number="289" hits="4"/><line number="290" hits="4"/><line number="292" hits="5"/><line number="298" hits="2"/><line number="299" hits="1"/><line number="301" hits="1"/><line number="303" hits="1"/><line number="311" hits="11"/><line number="313" hits="21"/><line number="314" hits="12"/><line number="317" hits="11"/><line number="332" hits="3"/><line number="333" hits="3"/><line number="336" hits="3"/><line number="339" hits="2"/><line number="341" hits="2"/><line number="342" hits="6"/><line number="346" hits="2"/><line number="347" hits="0"/><line number="350" hits="6"/><line number="353" hits="3"/><line number="361" hits="2"/><line number="362" hits="3"/><line number="365" hits="2"/><line number="367" hits="3"/><line number="369" hits="2"/><line number="370" hits="6"/><line number="373" hits="4"/><line number="374" hits="0"/><line number="378" hits="4"/><line number="380" hits="4"/><line number="381" hits="2"/><line number="384" hits="2"/><line number="397" hits="8"/><line number="399" hits="8"/><line number="401" hits="6"/><line number="403" hits="6"/><line number="404" hits="4"/><line number="405" hits="3"/><line number="408" hits="2"/><line number="409" hits="2"/><line number="410" hits="1"/><line number="413" hits="2"/><line number="416" hits="2"/><line number="423" hits="2"/><line number="425" hits="4"/><line number="427" hits="2"/><line number="429" hits="4"/><line number="430" hits="2"/><line number="431" hits="6"/><line number="434" hits="6"/><line number="435" hits="4"/><line number="436" hits="1"/><line number="440" hits="4"/><line number="442" hits="5"/><line number="443" hits="4"/><line number="445" hits="1"/></lines></class><class name="lib" filename="src/lib.rs" line-rate="0.8333333333333334" branch-rate="0" complexity="0"><methods/><lines><line number="171" hits="0"/><line number="175" hits="0"/><line number="176" hits="9"/><line number="178" hits="9"/><line number="179" hits="18"/><line number="180" hits="18"/><line number="188" hits="0"/><line number="191" hits="0"/><line number="196" hits="0"/><line number="214" hits="1"/><line number="215" hits="1"/><line number="216" hits="2"/><line number="217" hits="2"/><line number="220" hits="5"/><line number="222" hits="6"/><line number="224" hits="1"/><line number="252" hits="1"/><line number="253" hits="1"/><line number="254" hits="2"/><line number="255" hits="2"/><line number="258" hits="1"/><line number="260" hits="2"/><line number="265" hits="0"/><line number="266" hits="8"/><line number="273" hits="8"/><line number="274" hits="16"/><line number="275" hits="16"/><line number="278" hits="8"/><line number="280" hits="10"/><line number="282" hits="2"/><line number="285" hits="4"/><line number="293" hits="5"/><line number="294" hits="6"/><line number="295" hits="6"/><line number="298" hits="1"/><line number="300" hits="6"/></lines></class><class name="traits" filename="src/traits.rs" line-rate="0.875" branch-rate="0" complexity="0"><methods/><lines><line number="15" hits="47"/><line number="16" hits="46"/><line number="17" hits="48"/><line number="19" hits="45"/><line number="21" hits="46"/><line number="23" hits="48"/><line number="24" hits="92"/><line number="27" hits="0"/></lines></class><class name="utils" filename="src/utils.rs" line-rate="1" branch-rate="0" complexity="0"><methods/><lines><line number="11" hits="5"/><line number="15" hits="5"/><line number="20" hits="6"/><line number="25" hits="12"/><line number="26" hits="6"/><line number="32" hits="13"/><line number="37" hits="26"/><line number="38" hits="13"/><line number="43" hits="11"/><line number="48" hits="23"/><line number="49" hits="12"/><line number="54" hits="4"/><line number="56" hits="4"/><line number="57" hits="4"/><line number="58" hits="4"/><line number="59" hits="4"/><line number="60" hits="8"/><line number="61" hits="8"/><line number="64" hits="8"/><line number="65" hits="8"/><line number="69" hits="10"/><line number="71" hits="10"/><line number="72" hits="10"/><line number="73" hits="10"/><line number="74" hits="10"/><line number="75" hits="10"/><line number="78" hits="10"/><line number="79" hits="10"/><line number="84" hits="5"/><line number="85" hits="4"/><line number="86" hits="9"/><line number="88" hits="1"/><line number="89" hits="1"/><line number="91" hits="3"/><line number="92" hits="2"/><line number="95" hits="2"/><line number="96" hits="2"/><line number="98" hits="1"/></lines></class></classes></package></packages></coverage>